[debug] [2023-05-14T18:56:18.053Z] ----------------------------------------------------------------------
[debug] [2023-05-14T18:56:18.055Z] Command:       C:\Program Files\nodejs\node.exe C:\Users\prisc\AppData\Roaming\npm\node_modules\firebase-tools\lib\bin\firebase.js init
[debug] [2023-05-14T18:56:18.055Z] CLI Version:   12.0.0
[debug] [2023-05-14T18:56:18.055Z] Platform:      win32
[debug] [2023-05-14T18:56:18.056Z] Node Version:  v18.14.2
[debug] [2023-05-14T18:56:18.056Z] Time:          Sun May 14 2023 15:56:18 GMT-0300 (hora estándar de Argentina)
[debug] [2023-05-14T18:56:18.056Z] ----------------------------------------------------------------------
[debug] 
[debug] [2023-05-14T18:56:18.066Z] > command requires scopes: ["email","openid","https://www.googleapis.com/auth/cloudplatformprojects.readonly","https://www.googleapis.com/auth/firebase","https://www.googleapis.com/auth/cloud-platform"]
[debug] [2023-05-14T18:56:18.066Z] > authorizing via signed-in user (priscila.ohannecian7@gmail.com)
[info] 
     ######## #### ########  ######## ########     ###     ######  ########
     ##        ##  ##     ## ##       ##     ##  ##   ##  ##       ##
     ######    ##  ########  ######   ########  #########  ######  ######
     ##        ##  ##    ##  ##       ##     ## ##     ##       ## ##
     ##       #### ##     ## ######## ########  ##     ##  ######  ########

You're about to initialize a Firebase project in this directory:

  C:\Users\prisc\Desktop\Mi_Portafolio\Front-end

[info] 
=== Project Setup
[info] 
[info] First, let's associate this project directory with a Firebase project.
[info] You can create multiple project aliases by running firebase use --add, 
[info] but for now we'll just set up a default project.
[info] 
[debug] [2023-05-14T18:58:57.976Z] > refreshing access token with scopes: []
[debug] [2023-05-14T18:58:57.978Z] >>> [apiv2][query] POST https://www.googleapis.com/oauth2/v3/token [none]
[debug] [2023-05-14T18:58:57.979Z] >>> [apiv2][body] POST https://www.googleapis.com/oauth2/v3/token [omitted]
[debug] [2023-05-14T18:58:58.126Z] <<< [apiv2][status] POST https://www.googleapis.com/oauth2/v3/token 200
[debug] [2023-05-14T18:58:58.126Z] <<< [apiv2][body] POST https://www.googleapis.com/oauth2/v3/token [omitted]
[debug] [2023-05-14T18:58:58.136Z] >>> [apiv2][query] GET https://firebase.googleapis.com/v1beta1/projects pageSize=100
[debug] [2023-05-14T18:58:58.687Z] <<< [apiv2][status] GET https://firebase.googleapis.com/v1beta1/projects 200
[debug] [2023-05-14T18:58:58.688Z] <<< [apiv2][body] GET https://firebase.googleapis.com/v1beta1/projects [omitted]
[info] i  Using project portafolioap-f5519 (portafolioap) 
[info] 
=== Hosting Setup
[info] 
[info] Your public directory is the folder (relative to your project directory) that
[info] will contain Hosting assets to be uploaded with firebase deploy. If you
[info] have a build process for your assets, use your build's output directory.
[info] 
